<?xml version="1.0" encoding="UTF-8"?>
<!-- Generated by org.testng.reporters.JUnitXMLReporter -->
<testsuite ignored="0" hostname="DESKTOP-41MJ5DA" failures="1" tests="1" name="Default test(failed)" time="1.309" errors="0" timestamp="2023-01-07T19:51:43 IST">
  <testcase classname="neoStoxPOMClasses.MethodCalling" name="testing" time="1.245">
    <failure type="java.lang.NullPointerException">
      <![CDATA[java.lang.NullPointerException
at neoStoxPOMClasses.GeneralMethod.implicitWait(GeneralMethod.java:35)
at neoStoxPOMClasses.MethodCalling.testing(MethodCalling.java:17)
at java.base/java.util.ArrayList.forEach(ArrayList.java:1541)
... Removed 27 stack frames]]>
    </failure>
  </testcase> <!-- testing -->
</testsuite> <!-- Default test(failed) -->
