<?xml version="1.0" encoding="UTF-8"?>
<!-- Generated by org.testng.reporters.JUnitXMLReporter -->
<testsuite ignored="1" hostname="DESKTOP-41MJ5DA" failures="1" tests="1" name="Test(failed)" time="0.226" errors="0" timestamp="2022-12-30T15:21:45 IST">
  <testcase classname="testNG_KeyWords.TimeOut" name="b" time="0.141">
    <failure type="org.testng.internal.thread.ThreadTimeoutException" message="Method testNG_KeyWords.TimeOut.b() didn&amp;apos;t finish within the time-out 100">
      <![CDATA[org.testng.internal.thread.ThreadTimeoutException: Method testNG_KeyWords.TimeOut.b() didn't finish within the time-out 100
at java.base/java.util.ArrayList.forEach(ArrayList.java:1541)
... Removed 24 stack frames]]>
    </failure>
  </testcase> <!-- b -->
  <testcase classname="testNG_KeyWords.TimeOut" name="a" time="0.0">
    <ignored/>
  </testcase> <!-- a -->
</testsuite> <!-- Test(failed) -->
