<?xml version="1.0" encoding="UTF-8"?>
<testng-results ignored="0" total="1" passed="1" failed="0" skipped="0">
  <reporter-output>
    <line>
      <![CDATA[Hii this reporter statement visible only on Emailable report.]]>
    </line>
    <line>
      <![CDATA[Hiii]]>
    </line>
  </reporter-output>
  <suite started-at="2023-01-19T15:48:00 IST" name="Suite" finished-at="2023-01-19T15:48:21 IST" duration-ms="20994">
    <groups>
    </groups>
    <test started-at="2023-01-19T15:48:00 IST" name="Test" finished-at="2023-01-19T15:48:21 IST" duration-ms="20994">
      <class name="testNG_Study.Ex1TestNG">
        <test-method signature="KiteLogIn()[pri:0, instance:testNG_Study.Ex1TestNG@3d1cfad4]" started-at="2023-01-19T15:48:00 IST" name="KiteLogIn" finished-at="2023-01-19T15:48:21 IST" duration-ms="20913" status="PASS">
          <reporter-output>
            <line>
              <![CDATA[Hii this reporter statement visible only on Emailable report.]]>
            </line>
            <line>
              <![CDATA[Hiii]]>
            </line>
          </reporter-output>
        </test-method> <!-- KiteLogIn -->
      </class> <!-- testNG_Study.Ex1TestNG -->
    </test> <!-- Test -->
  </suite> <!-- Suite -->
</testng-results>
